core file size          (blocks, -c) 0
data seg size           (kbytes, -d) unlimited
scheduling priority             (-e) 0
file size               (blocks, -f) unlimited
pending signals                 (-i) 14868
max locked memory       (kbytes, -l) 64
max memory size         (kbytes, -m) unlimited
open files                      (-n) 1024
pipe size            (512 bytes, -p) 8
POSIX message queues     (bytes, -q) 819200
real-time priority              (-r) 0
stack size              (kbytes, -s) 8192
cpu time               (seconds, -t) unlimited
max user processes              (-u) 4096
virtual memory          (kbytes, -v) unlimited
file locks                      (-x) unlimited
java.io.IOException: Inconsistent checkpoint fields.
LV = -64 namespaceID = 1681765827 cTime = 1624040252815 ; clusterId = CID-6bbd9547-6c34-4f1e-b190-149e0513d9ae ; blockpoolId = BP-1744165409-10.128.0.9-1624040252815.
Expecting respectively: -64; 1247811919; 1623875689350; CID-82850089-6c2f-498e-b4eb-816e5b0c5eae; BP-1037719403-10.128.0.9-1623875689350.
	at org.apache.hadoop.hdfs.server.namenode.CheckpointSignature.validateStorageInfo(CheckpointSignature.java:143)
	at org.apache.hadoop.hdfs.server.namenode.SecondaryNameNode.doCheckpoint(SecondaryNameNode.java:550)
	at org.apache.hadoop.hdfs.server.namenode.SecondaryNameNode.doWork(SecondaryNameNode.java:360)
	at org.apache.hadoop.hdfs.server.namenode.SecondaryNameNode$1.run(SecondaryNameNode.java:325)
	at org.apache.hadoop.security.SecurityUtil.doAsLoginUserOrFatal(SecurityUtil.java:482)
	at org.apache.hadoop.hdfs.server.namenode.SecondaryNameNode.run(SecondaryNameNode.java:321)
	at java.lang.Thread.run(Thread.java:748)
java.io.IOException: Inconsistent checkpoint fields.
LV = -64 namespaceID = 1681765827 cTime = 1624040252815 ; clusterId = CID-6bbd9547-6c34-4f1e-b190-149e0513d9ae ; blockpoolId = BP-1744165409-10.128.0.9-1624040252815.
Expecting respectively: -64; 1247811919; 1623875689350; CID-82850089-6c2f-498e-b4eb-816e5b0c5eae; BP-1037719403-10.128.0.9-1623875689350.
	at org.apache.hadoop.hdfs.server.namenode.CheckpointSignature.validateStorageInfo(CheckpointSignature.java:143)
	at org.apache.hadoop.hdfs.server.namenode.SecondaryNameNode.doCheckpoint(SecondaryNameNode.java:550)
	at org.apache.hadoop.hdfs.server.namenode.SecondaryNameNode.doWork(SecondaryNameNode.java:360)
	at org.apache.hadoop.hdfs.server.namenode.SecondaryNameNode$1.run(SecondaryNameNode.java:325)
	at org.apache.hadoop.security.SecurityUtil.doAsLoginUserOrFatal(SecurityUtil.java:482)
	at org.apache.hadoop.hdfs.server.namenode.SecondaryNameNode.run(SecondaryNameNode.java:321)
	at java.lang.Thread.run(Thread.java:748)
java.io.IOException: Inconsistent checkpoint fields.
LV = -64 namespaceID = 1681765827 cTime = 1624040252815 ; clusterId = CID-6bbd9547-6c34-4f1e-b190-149e0513d9ae ; blockpoolId = BP-1744165409-10.128.0.9-1624040252815.
Expecting respectively: -64; 1247811919; 1623875689350; CID-82850089-6c2f-498e-b4eb-816e5b0c5eae; BP-1037719403-10.128.0.9-1623875689350.
	at org.apache.hadoop.hdfs.server.namenode.CheckpointSignature.validateStorageInfo(CheckpointSignature.java:143)
	at org.apache.hadoop.hdfs.server.namenode.SecondaryNameNode.doCheckpoint(SecondaryNameNode.java:550)
	at org.apache.hadoop.hdfs.server.namenode.SecondaryNameNode.doWork(SecondaryNameNode.java:360)
	at org.apache.hadoop.hdfs.server.namenode.SecondaryNameNode$1.run(SecondaryNameNode.java:325)
	at org.apache.hadoop.security.SecurityUtil.doAsLoginUserOrFatal(SecurityUtil.java:482)
	at org.apache.hadoop.hdfs.server.namenode.SecondaryNameNode.run(SecondaryNameNode.java:321)
	at java.lang.Thread.run(Thread.java:748)
java.io.IOException: Inconsistent checkpoint fields.
LV = -64 namespaceID = 1681765827 cTime = 1624040252815 ; clusterId = CID-6bbd9547-6c34-4f1e-b190-149e0513d9ae ; blockpoolId = BP-1744165409-10.128.0.9-1624040252815.
Expecting respectively: -64; 1247811919; 1623875689350; CID-82850089-6c2f-498e-b4eb-816e5b0c5eae; BP-1037719403-10.128.0.9-1623875689350.
	at org.apache.hadoop.hdfs.server.namenode.CheckpointSignature.validateStorageInfo(CheckpointSignature.java:143)
	at org.apache.hadoop.hdfs.server.namenode.SecondaryNameNode.doCheckpoint(SecondaryNameNode.java:550)
	at org.apache.hadoop.hdfs.server.namenode.SecondaryNameNode.doWork(SecondaryNameNode.java:360)
	at org.apache.hadoop.hdfs.server.namenode.SecondaryNameNode$1.run(SecondaryNameNode.java:325)
	at org.apache.hadoop.security.SecurityUtil.doAsLoginUserOrFatal(SecurityUtil.java:482)
	at org.apache.hadoop.hdfs.server.namenode.SecondaryNameNode.run(SecondaryNameNode.java:321)
	at java.lang.Thread.run(Thread.java:748)
java.io.IOException: Inconsistent checkpoint fields.
LV = -64 namespaceID = 1681765827 cTime = 1624040252815 ; clusterId = CID-6bbd9547-6c34-4f1e-b190-149e0513d9ae ; blockpoolId = BP-1744165409-10.128.0.9-1624040252815.
Expecting respectively: -64; 1247811919; 1623875689350; CID-82850089-6c2f-498e-b4eb-816e5b0c5eae; BP-1037719403-10.128.0.9-1623875689350.
	at org.apache.hadoop.hdfs.server.namenode.CheckpointSignature.validateStorageInfo(CheckpointSignature.java:143)
	at org.apache.hadoop.hdfs.server.namenode.SecondaryNameNode.doCheckpoint(SecondaryNameNode.java:550)
	at org.apache.hadoop.hdfs.server.namenode.SecondaryNameNode.doWork(SecondaryNameNode.java:360)
	at org.apache.hadoop.hdfs.server.namenode.SecondaryNameNode$1.run(SecondaryNameNode.java:325)
	at org.apache.hadoop.security.SecurityUtil.doAsLoginUserOrFatal(SecurityUtil.java:482)
	at org.apache.hadoop.hdfs.server.namenode.SecondaryNameNode.run(SecondaryNameNode.java:321)
	at java.lang.Thread.run(Thread.java:748)
java.io.IOException: Inconsistent checkpoint fields.
LV = -64 namespaceID = 1681765827 cTime = 1624040252815 ; clusterId = CID-6bbd9547-6c34-4f1e-b190-149e0513d9ae ; blockpoolId = BP-1744165409-10.128.0.9-1624040252815.
Expecting respectively: -64; 1247811919; 1623875689350; CID-82850089-6c2f-498e-b4eb-816e5b0c5eae; BP-1037719403-10.128.0.9-1623875689350.
	at org.apache.hadoop.hdfs.server.namenode.CheckpointSignature.validateStorageInfo(CheckpointSignature.java:143)
	at org.apache.hadoop.hdfs.server.namenode.SecondaryNameNode.doCheckpoint(SecondaryNameNode.java:550)
	at org.apache.hadoop.hdfs.server.namenode.SecondaryNameNode.doWork(SecondaryNameNode.java:360)
	at org.apache.hadoop.hdfs.server.namenode.SecondaryNameNode$1.run(SecondaryNameNode.java:325)
	at org.apache.hadoop.security.SecurityUtil.doAsLoginUserOrFatal(SecurityUtil.java:482)
	at org.apache.hadoop.hdfs.server.namenode.SecondaryNameNode.run(SecondaryNameNode.java:321)
	at java.lang.Thread.run(Thread.java:748)
java.io.IOException: Inconsistent checkpoint fields.
LV = -64 namespaceID = 1681765827 cTime = 1624040252815 ; clusterId = CID-6bbd9547-6c34-4f1e-b190-149e0513d9ae ; blockpoolId = BP-1744165409-10.128.0.9-1624040252815.
Expecting respectively: -64; 1247811919; 1623875689350; CID-82850089-6c2f-498e-b4eb-816e5b0c5eae; BP-1037719403-10.128.0.9-1623875689350.
	at org.apache.hadoop.hdfs.server.namenode.CheckpointSignature.validateStorageInfo(CheckpointSignature.java:143)
	at org.apache.hadoop.hdfs.server.namenode.SecondaryNameNode.doCheckpoint(SecondaryNameNode.java:550)
	at org.apache.hadoop.hdfs.server.namenode.SecondaryNameNode.doWork(SecondaryNameNode.java:360)
	at org.apache.hadoop.hdfs.server.namenode.SecondaryNameNode$1.run(SecondaryNameNode.java:325)
	at org.apache.hadoop.security.SecurityUtil.doAsLoginUserOrFatal(SecurityUtil.java:482)
	at org.apache.hadoop.hdfs.server.namenode.SecondaryNameNode.run(SecondaryNameNode.java:321)
	at java.lang.Thread.run(Thread.java:748)
java.io.IOException: Inconsistent checkpoint fields.
LV = -64 namespaceID = 1681765827 cTime = 1624040252815 ; clusterId = CID-6bbd9547-6c34-4f1e-b190-149e0513d9ae ; blockpoolId = BP-1744165409-10.128.0.9-1624040252815.
Expecting respectively: -64; 1247811919; 1623875689350; CID-82850089-6c2f-498e-b4eb-816e5b0c5eae; BP-1037719403-10.128.0.9-1623875689350.
	at org.apache.hadoop.hdfs.server.namenode.CheckpointSignature.validateStorageInfo(CheckpointSignature.java:143)
	at org.apache.hadoop.hdfs.server.namenode.SecondaryNameNode.doCheckpoint(SecondaryNameNode.java:550)
	at org.apache.hadoop.hdfs.server.namenode.SecondaryNameNode.doWork(SecondaryNameNode.java:360)
	at org.apache.hadoop.hdfs.server.namenode.SecondaryNameNode$1.run(SecondaryNameNode.java:325)
	at org.apache.hadoop.security.SecurityUtil.doAsLoginUserOrFatal(SecurityUtil.java:482)
	at org.apache.hadoop.hdfs.server.namenode.SecondaryNameNode.run(SecondaryNameNode.java:321)
	at java.lang.Thread.run(Thread.java:748)
java.io.IOException: Inconsistent checkpoint fields.
LV = -64 namespaceID = 1681765827 cTime = 1624040252815 ; clusterId = CID-6bbd9547-6c34-4f1e-b190-149e0513d9ae ; blockpoolId = BP-1744165409-10.128.0.9-1624040252815.
Expecting respectively: -64; 1247811919; 1623875689350; CID-82850089-6c2f-498e-b4eb-816e5b0c5eae; BP-1037719403-10.128.0.9-1623875689350.
	at org.apache.hadoop.hdfs.server.namenode.CheckpointSignature.validateStorageInfo(CheckpointSignature.java:143)
	at org.apache.hadoop.hdfs.server.namenode.SecondaryNameNode.doCheckpoint(SecondaryNameNode.java:550)
	at org.apache.hadoop.hdfs.server.namenode.SecondaryNameNode.doWork(SecondaryNameNode.java:360)
	at org.apache.hadoop.hdfs.server.namenode.SecondaryNameNode$1.run(SecondaryNameNode.java:325)
	at org.apache.hadoop.security.SecurityUtil.doAsLoginUserOrFatal(SecurityUtil.java:482)
	at org.apache.hadoop.hdfs.server.namenode.SecondaryNameNode.run(SecondaryNameNode.java:321)
	at java.lang.Thread.run(Thread.java:748)
java.io.IOException: Inconsistent checkpoint fields.
LV = -64 namespaceID = 1681765827 cTime = 1624040252815 ; clusterId = CID-6bbd9547-6c34-4f1e-b190-149e0513d9ae ; blockpoolId = BP-1744165409-10.128.0.9-1624040252815.
Expecting respectively: -64; 1247811919; 1623875689350; CID-82850089-6c2f-498e-b4eb-816e5b0c5eae; BP-1037719403-10.128.0.9-1623875689350.
	at org.apache.hadoop.hdfs.server.namenode.CheckpointSignature.validateStorageInfo(CheckpointSignature.java:143)
	at org.apache.hadoop.hdfs.server.namenode.SecondaryNameNode.doCheckpoint(SecondaryNameNode.java:550)
	at org.apache.hadoop.hdfs.server.namenode.SecondaryNameNode.doWork(SecondaryNameNode.java:360)
	at org.apache.hadoop.hdfs.server.namenode.SecondaryNameNode$1.run(SecondaryNameNode.java:325)
	at org.apache.hadoop.security.SecurityUtil.doAsLoginUserOrFatal(SecurityUtil.java:482)
	at org.apache.hadoop.hdfs.server.namenode.SecondaryNameNode.run(SecondaryNameNode.java:321)
	at java.lang.Thread.run(Thread.java:748)
java.io.IOException: Inconsistent checkpoint fields.
LV = -64 namespaceID = 1681765827 cTime = 1624040252815 ; clusterId = CID-6bbd9547-6c34-4f1e-b190-149e0513d9ae ; blockpoolId = BP-1744165409-10.128.0.9-1624040252815.
Expecting respectively: -64; 1247811919; 1623875689350; CID-82850089-6c2f-498e-b4eb-816e5b0c5eae; BP-1037719403-10.128.0.9-1623875689350.
	at org.apache.hadoop.hdfs.server.namenode.CheckpointSignature.validateStorageInfo(CheckpointSignature.java:143)
	at org.apache.hadoop.hdfs.server.namenode.SecondaryNameNode.doCheckpoint(SecondaryNameNode.java:550)
	at org.apache.hadoop.hdfs.server.namenode.SecondaryNameNode.doWork(SecondaryNameNode.java:360)
	at org.apache.hadoop.hdfs.server.namenode.SecondaryNameNode$1.run(SecondaryNameNode.java:325)
	at org.apache.hadoop.security.SecurityUtil.doAsLoginUserOrFatal(SecurityUtil.java:482)
	at org.apache.hadoop.hdfs.server.namenode.SecondaryNameNode.run(SecondaryNameNode.java:321)
	at java.lang.Thread.run(Thread.java:748)
java.io.IOException: Inconsistent checkpoint fields.
LV = -64 namespaceID = 1681765827 cTime = 1624040252815 ; clusterId = CID-6bbd9547-6c34-4f1e-b190-149e0513d9ae ; blockpoolId = BP-1744165409-10.128.0.9-1624040252815.
Expecting respectively: -64; 1247811919; 1623875689350; CID-82850089-6c2f-498e-b4eb-816e5b0c5eae; BP-1037719403-10.128.0.9-1623875689350.
	at org.apache.hadoop.hdfs.server.namenode.CheckpointSignature.validateStorageInfo(CheckpointSignature.java:143)
	at org.apache.hadoop.hdfs.server.namenode.SecondaryNameNode.doCheckpoint(SecondaryNameNode.java:550)
	at org.apache.hadoop.hdfs.server.namenode.SecondaryNameNode.doWork(SecondaryNameNode.java:360)
	at org.apache.hadoop.hdfs.server.namenode.SecondaryNameNode$1.run(SecondaryNameNode.java:325)
	at org.apache.hadoop.security.SecurityUtil.doAsLoginUserOrFatal(SecurityUtil.java:482)
	at org.apache.hadoop.hdfs.server.namenode.SecondaryNameNode.run(SecondaryNameNode.java:321)
	at java.lang.Thread.run(Thread.java:748)
java.io.IOException: Inconsistent checkpoint fields.
LV = -64 namespaceID = 1681765827 cTime = 1624040252815 ; clusterId = CID-6bbd9547-6c34-4f1e-b190-149e0513d9ae ; blockpoolId = BP-1744165409-10.128.0.9-1624040252815.
Expecting respectively: -64; 1247811919; 1623875689350; CID-82850089-6c2f-498e-b4eb-816e5b0c5eae; BP-1037719403-10.128.0.9-1623875689350.
	at org.apache.hadoop.hdfs.server.namenode.CheckpointSignature.validateStorageInfo(CheckpointSignature.java:143)
	at org.apache.hadoop.hdfs.server.namenode.SecondaryNameNode.doCheckpoint(SecondaryNameNode.java:550)
	at org.apache.hadoop.hdfs.server.namenode.SecondaryNameNode.doWork(SecondaryNameNode.java:360)
	at org.apache.hadoop.hdfs.server.namenode.SecondaryNameNode$1.run(SecondaryNameNode.java:325)
	at org.apache.hadoop.security.SecurityUtil.doAsLoginUserOrFatal(SecurityUtil.java:482)
	at org.apache.hadoop.hdfs.server.namenode.SecondaryNameNode.run(SecondaryNameNode.java:321)
	at java.lang.Thread.run(Thread.java:748)
java.io.IOException: Inconsistent checkpoint fields.
LV = -64 namespaceID = 1681765827 cTime = 1624040252815 ; clusterId = CID-6bbd9547-6c34-4f1e-b190-149e0513d9ae ; blockpoolId = BP-1744165409-10.128.0.9-1624040252815.
Expecting respectively: -64; 1247811919; 1623875689350; CID-82850089-6c2f-498e-b4eb-816e5b0c5eae; BP-1037719403-10.128.0.9-1623875689350.
	at org.apache.hadoop.hdfs.server.namenode.CheckpointSignature.validateStorageInfo(CheckpointSignature.java:143)
	at org.apache.hadoop.hdfs.server.namenode.SecondaryNameNode.doCheckpoint(SecondaryNameNode.java:550)
	at org.apache.hadoop.hdfs.server.namenode.SecondaryNameNode.doWork(SecondaryNameNode.java:360)
	at org.apache.hadoop.hdfs.server.namenode.SecondaryNameNode$1.run(SecondaryNameNode.java:325)
	at org.apache.hadoop.security.SecurityUtil.doAsLoginUserOrFatal(SecurityUtil.java:482)
	at org.apache.hadoop.hdfs.server.namenode.SecondaryNameNode.run(SecondaryNameNode.java:321)
	at java.lang.Thread.run(Thread.java:748)
java.io.IOException: Inconsistent checkpoint fields.
LV = -64 namespaceID = 1681765827 cTime = 1624040252815 ; clusterId = CID-6bbd9547-6c34-4f1e-b190-149e0513d9ae ; blockpoolId = BP-1744165409-10.128.0.9-1624040252815.
Expecting respectively: -64; 1247811919; 1623875689350; CID-82850089-6c2f-498e-b4eb-816e5b0c5eae; BP-1037719403-10.128.0.9-1623875689350.
	at org.apache.hadoop.hdfs.server.namenode.CheckpointSignature.validateStorageInfo(CheckpointSignature.java:143)
	at org.apache.hadoop.hdfs.server.namenode.SecondaryNameNode.doCheckpoint(SecondaryNameNode.java:550)
	at org.apache.hadoop.hdfs.server.namenode.SecondaryNameNode.doWork(SecondaryNameNode.java:360)
	at org.apache.hadoop.hdfs.server.namenode.SecondaryNameNode$1.run(SecondaryNameNode.java:325)
	at org.apache.hadoop.security.SecurityUtil.doAsLoginUserOrFatal(SecurityUtil.java:482)
	at org.apache.hadoop.hdfs.server.namenode.SecondaryNameNode.run(SecondaryNameNode.java:321)
	at java.lang.Thread.run(Thread.java:748)
java.io.IOException: Inconsistent checkpoint fields.
LV = -64 namespaceID = 1681765827 cTime = 1624040252815 ; clusterId = CID-6bbd9547-6c34-4f1e-b190-149e0513d9ae ; blockpoolId = BP-1744165409-10.128.0.9-1624040252815.
Expecting respectively: -64; 1247811919; 1623875689350; CID-82850089-6c2f-498e-b4eb-816e5b0c5eae; BP-1037719403-10.128.0.9-1623875689350.
	at org.apache.hadoop.hdfs.server.namenode.CheckpointSignature.validateStorageInfo(CheckpointSignature.java:143)
	at org.apache.hadoop.hdfs.server.namenode.SecondaryNameNode.doCheckpoint(SecondaryNameNode.java:550)
	at org.apache.hadoop.hdfs.server.namenode.SecondaryNameNode.doWork(SecondaryNameNode.java:360)
	at org.apache.hadoop.hdfs.server.namenode.SecondaryNameNode$1.run(SecondaryNameNode.java:325)
	at org.apache.hadoop.security.SecurityUtil.doAsLoginUserOrFatal(SecurityUtil.java:482)
	at org.apache.hadoop.hdfs.server.namenode.SecondaryNameNode.run(SecondaryNameNode.java:321)
	at java.lang.Thread.run(Thread.java:748)
java.io.IOException: Inconsistent checkpoint fields.
LV = -64 namespaceID = 1681765827 cTime = 1624040252815 ; clusterId = CID-6bbd9547-6c34-4f1e-b190-149e0513d9ae ; blockpoolId = BP-1744165409-10.128.0.9-1624040252815.
Expecting respectively: -64; 1247811919; 1623875689350; CID-82850089-6c2f-498e-b4eb-816e5b0c5eae; BP-1037719403-10.128.0.9-1623875689350.
	at org.apache.hadoop.hdfs.server.namenode.CheckpointSignature.validateStorageInfo(CheckpointSignature.java:143)
	at org.apache.hadoop.hdfs.server.namenode.SecondaryNameNode.doCheckpoint(SecondaryNameNode.java:550)
	at org.apache.hadoop.hdfs.server.namenode.SecondaryNameNode.doWork(SecondaryNameNode.java:360)
	at org.apache.hadoop.hdfs.server.namenode.SecondaryNameNode$1.run(SecondaryNameNode.java:325)
	at org.apache.hadoop.security.SecurityUtil.doAsLoginUserOrFatal(SecurityUtil.java:482)
	at org.apache.hadoop.hdfs.server.namenode.SecondaryNameNode.run(SecondaryNameNode.java:321)
	at java.lang.Thread.run(Thread.java:748)
java.io.IOException: Inconsistent checkpoint fields.
LV = -64 namespaceID = 1681765827 cTime = 1624040252815 ; clusterId = CID-6bbd9547-6c34-4f1e-b190-149e0513d9ae ; blockpoolId = BP-1744165409-10.128.0.9-1624040252815.
Expecting respectively: -64; 1247811919; 1623875689350; CID-82850089-6c2f-498e-b4eb-816e5b0c5eae; BP-1037719403-10.128.0.9-1623875689350.
	at org.apache.hadoop.hdfs.server.namenode.CheckpointSignature.validateStorageInfo(CheckpointSignature.java:143)
	at org.apache.hadoop.hdfs.server.namenode.SecondaryNameNode.doCheckpoint(SecondaryNameNode.java:550)
	at org.apache.hadoop.hdfs.server.namenode.SecondaryNameNode.doWork(SecondaryNameNode.java:360)
	at org.apache.hadoop.hdfs.server.namenode.SecondaryNameNode$1.run(SecondaryNameNode.java:325)
	at org.apache.hadoop.security.SecurityUtil.doAsLoginUserOrFatal(SecurityUtil.java:482)
	at org.apache.hadoop.hdfs.server.namenode.SecondaryNameNode.run(SecondaryNameNode.java:321)
	at java.lang.Thread.run(Thread.java:748)
java.io.IOException: Inconsistent checkpoint fields.
LV = -64 namespaceID = 1681765827 cTime = 1624040252815 ; clusterId = CID-6bbd9547-6c34-4f1e-b190-149e0513d9ae ; blockpoolId = BP-1744165409-10.128.0.9-1624040252815.
Expecting respectively: -64; 1247811919; 1623875689350; CID-82850089-6c2f-498e-b4eb-816e5b0c5eae; BP-1037719403-10.128.0.9-1623875689350.
	at org.apache.hadoop.hdfs.server.namenode.CheckpointSignature.validateStorageInfo(CheckpointSignature.java:143)
	at org.apache.hadoop.hdfs.server.namenode.SecondaryNameNode.doCheckpoint(SecondaryNameNode.java:550)
	at org.apache.hadoop.hdfs.server.namenode.SecondaryNameNode.doWork(SecondaryNameNode.java:360)
	at org.apache.hadoop.hdfs.server.namenode.SecondaryNameNode$1.run(SecondaryNameNode.java:325)
	at org.apache.hadoop.security.SecurityUtil.doAsLoginUserOrFatal(SecurityUtil.java:482)
	at org.apache.hadoop.hdfs.server.namenode.SecondaryNameNode.run(SecondaryNameNode.java:321)
	at java.lang.Thread.run(Thread.java:748)
java.io.IOException: Inconsistent checkpoint fields.
LV = -64 namespaceID = 1681765827 cTime = 1624040252815 ; clusterId = CID-6bbd9547-6c34-4f1e-b190-149e0513d9ae ; blockpoolId = BP-1744165409-10.128.0.9-1624040252815.
Expecting respectively: -64; 1247811919; 1623875689350; CID-82850089-6c2f-498e-b4eb-816e5b0c5eae; BP-1037719403-10.128.0.9-1623875689350.
	at org.apache.hadoop.hdfs.server.namenode.CheckpointSignature.validateStorageInfo(CheckpointSignature.java:143)
	at org.apache.hadoop.hdfs.server.namenode.SecondaryNameNode.doCheckpoint(SecondaryNameNode.java:550)
	at org.apache.hadoop.hdfs.server.namenode.SecondaryNameNode.doWork(SecondaryNameNode.java:360)
	at org.apache.hadoop.hdfs.server.namenode.SecondaryNameNode$1.run(SecondaryNameNode.java:325)
	at org.apache.hadoop.security.SecurityUtil.doAsLoginUserOrFatal(SecurityUtil.java:482)
	at org.apache.hadoop.hdfs.server.namenode.SecondaryNameNode.run(SecondaryNameNode.java:321)
	at java.lang.Thread.run(Thread.java:748)
java.io.IOException: Inconsistent checkpoint fields.
LV = -64 namespaceID = 1681765827 cTime = 1624040252815 ; clusterId = CID-6bbd9547-6c34-4f1e-b190-149e0513d9ae ; blockpoolId = BP-1744165409-10.128.0.9-1624040252815.
Expecting respectively: -64; 1247811919; 1623875689350; CID-82850089-6c2f-498e-b4eb-816e5b0c5eae; BP-1037719403-10.128.0.9-1623875689350.
	at org.apache.hadoop.hdfs.server.namenode.CheckpointSignature.validateStorageInfo(CheckpointSignature.java:143)
	at org.apache.hadoop.hdfs.server.namenode.SecondaryNameNode.doCheckpoint(SecondaryNameNode.java:550)
	at org.apache.hadoop.hdfs.server.namenode.SecondaryNameNode.doWork(SecondaryNameNode.java:360)
	at org.apache.hadoop.hdfs.server.namenode.SecondaryNameNode$1.run(SecondaryNameNode.java:325)
	at org.apache.hadoop.security.SecurityUtil.doAsLoginUserOrFatal(SecurityUtil.java:482)
	at org.apache.hadoop.hdfs.server.namenode.SecondaryNameNode.run(SecondaryNameNode.java:321)
	at java.lang.Thread.run(Thread.java:748)
java.io.IOException: Inconsistent checkpoint fields.
LV = -64 namespaceID = 1681765827 cTime = 1624040252815 ; clusterId = CID-6bbd9547-6c34-4f1e-b190-149e0513d9ae ; blockpoolId = BP-1744165409-10.128.0.9-1624040252815.
Expecting respectively: -64; 1247811919; 1623875689350; CID-82850089-6c2f-498e-b4eb-816e5b0c5eae; BP-1037719403-10.128.0.9-1623875689350.
	at org.apache.hadoop.hdfs.server.namenode.CheckpointSignature.validateStorageInfo(CheckpointSignature.java:143)
	at org.apache.hadoop.hdfs.server.namenode.SecondaryNameNode.doCheckpoint(SecondaryNameNode.java:550)
	at org.apache.hadoop.hdfs.server.namenode.SecondaryNameNode.doWork(SecondaryNameNode.java:360)
	at org.apache.hadoop.hdfs.server.namenode.SecondaryNameNode$1.run(SecondaryNameNode.java:325)
	at org.apache.hadoop.security.SecurityUtil.doAsLoginUserOrFatal(SecurityUtil.java:482)
	at org.apache.hadoop.hdfs.server.namenode.SecondaryNameNode.run(SecondaryNameNode.java:321)
	at java.lang.Thread.run(Thread.java:748)
java.io.IOException: Inconsistent checkpoint fields.
LV = -64 namespaceID = 1681765827 cTime = 1624040252815 ; clusterId = CID-6bbd9547-6c34-4f1e-b190-149e0513d9ae ; blockpoolId = BP-1744165409-10.128.0.9-1624040252815.
Expecting respectively: -64; 1247811919; 1623875689350; CID-82850089-6c2f-498e-b4eb-816e5b0c5eae; BP-1037719403-10.128.0.9-1623875689350.
	at org.apache.hadoop.hdfs.server.namenode.CheckpointSignature.validateStorageInfo(CheckpointSignature.java:143)
	at org.apache.hadoop.hdfs.server.namenode.SecondaryNameNode.doCheckpoint(SecondaryNameNode.java:550)
	at org.apache.hadoop.hdfs.server.namenode.SecondaryNameNode.doWork(SecondaryNameNode.java:360)
	at org.apache.hadoop.hdfs.server.namenode.SecondaryNameNode$1.run(SecondaryNameNode.java:325)
	at org.apache.hadoop.security.SecurityUtil.doAsLoginUserOrFatal(SecurityUtil.java:482)
	at org.apache.hadoop.hdfs.server.namenode.SecondaryNameNode.run(SecondaryNameNode.java:321)
	at java.lang.Thread.run(Thread.java:748)
java.io.IOException: Inconsistent checkpoint fields.
LV = -64 namespaceID = 1681765827 cTime = 1624040252815 ; clusterId = CID-6bbd9547-6c34-4f1e-b190-149e0513d9ae ; blockpoolId = BP-1744165409-10.128.0.9-1624040252815.
Expecting respectively: -64; 1247811919; 1623875689350; CID-82850089-6c2f-498e-b4eb-816e5b0c5eae; BP-1037719403-10.128.0.9-1623875689350.
	at org.apache.hadoop.hdfs.server.namenode.CheckpointSignature.validateStorageInfo(CheckpointSignature.java:143)
	at org.apache.hadoop.hdfs.server.namenode.SecondaryNameNode.doCheckpoint(SecondaryNameNode.java:550)
	at org.apache.hadoop.hdfs.server.namenode.SecondaryNameNode.doWork(SecondaryNameNode.java:360)
	at org.apache.hadoop.hdfs.server.namenode.SecondaryNameNode$1.run(SecondaryNameNode.java:325)
	at org.apache.hadoop.security.SecurityUtil.doAsLoginUserOrFatal(SecurityUtil.java:482)
	at org.apache.hadoop.hdfs.server.namenode.SecondaryNameNode.run(SecondaryNameNode.java:321)
	at java.lang.Thread.run(Thread.java:748)
java.io.IOException: Inconsistent checkpoint fields.
LV = -64 namespaceID = 1681765827 cTime = 1624040252815 ; clusterId = CID-6bbd9547-6c34-4f1e-b190-149e0513d9ae ; blockpoolId = BP-1744165409-10.128.0.9-1624040252815.
Expecting respectively: -64; 1247811919; 1623875689350; CID-82850089-6c2f-498e-b4eb-816e5b0c5eae; BP-1037719403-10.128.0.9-1623875689350.
	at org.apache.hadoop.hdfs.server.namenode.CheckpointSignature.validateStorageInfo(CheckpointSignature.java:143)
	at org.apache.hadoop.hdfs.server.namenode.SecondaryNameNode.doCheckpoint(SecondaryNameNode.java:550)
	at org.apache.hadoop.hdfs.server.namenode.SecondaryNameNode.doWork(SecondaryNameNode.java:360)
	at org.apache.hadoop.hdfs.server.namenode.SecondaryNameNode$1.run(SecondaryNameNode.java:325)
	at org.apache.hadoop.security.SecurityUtil.doAsLoginUserOrFatal(SecurityUtil.java:482)
	at org.apache.hadoop.hdfs.server.namenode.SecondaryNameNode.run(SecondaryNameNode.java:321)
	at java.lang.Thread.run(Thread.java:748)
java.io.IOException: Inconsistent checkpoint fields.
LV = -64 namespaceID = 1681765827 cTime = 1624040252815 ; clusterId = CID-6bbd9547-6c34-4f1e-b190-149e0513d9ae ; blockpoolId = BP-1744165409-10.128.0.9-1624040252815.
Expecting respectively: -64; 1247811919; 1623875689350; CID-82850089-6c2f-498e-b4eb-816e5b0c5eae; BP-1037719403-10.128.0.9-1623875689350.
	at org.apache.hadoop.hdfs.server.namenode.CheckpointSignature.validateStorageInfo(CheckpointSignature.java:143)
	at org.apache.hadoop.hdfs.server.namenode.SecondaryNameNode.doCheckpoint(SecondaryNameNode.java:550)
	at org.apache.hadoop.hdfs.server.namenode.SecondaryNameNode.doWork(SecondaryNameNode.java:360)
	at org.apache.hadoop.hdfs.server.namenode.SecondaryNameNode$1.run(SecondaryNameNode.java:325)
	at org.apache.hadoop.security.SecurityUtil.doAsLoginUserOrFatal(SecurityUtil.java:482)
	at org.apache.hadoop.hdfs.server.namenode.SecondaryNameNode.run(SecondaryNameNode.java:321)
	at java.lang.Thread.run(Thread.java:748)
java.io.IOException: Inconsistent checkpoint fields.
LV = -64 namespaceID = 1681765827 cTime = 1624040252815 ; clusterId = CID-6bbd9547-6c34-4f1e-b190-149e0513d9ae ; blockpoolId = BP-1744165409-10.128.0.9-1624040252815.
Expecting respectively: -64; 1247811919; 1623875689350; CID-82850089-6c2f-498e-b4eb-816e5b0c5eae; BP-1037719403-10.128.0.9-1623875689350.
	at org.apache.hadoop.hdfs.server.namenode.CheckpointSignature.validateStorageInfo(CheckpointSignature.java:143)
	at org.apache.hadoop.hdfs.server.namenode.SecondaryNameNode.doCheckpoint(SecondaryNameNode.java:550)
	at org.apache.hadoop.hdfs.server.namenode.SecondaryNameNode.doWork(SecondaryNameNode.java:360)
	at org.apache.hadoop.hdfs.server.namenode.SecondaryNameNode$1.run(SecondaryNameNode.java:325)
	at org.apache.hadoop.security.SecurityUtil.doAsLoginUserOrFatal(SecurityUtil.java:482)
	at org.apache.hadoop.hdfs.server.namenode.SecondaryNameNode.run(SecondaryNameNode.java:321)
	at java.lang.Thread.run(Thread.java:748)
java.io.IOException: Inconsistent checkpoint fields.
LV = -64 namespaceID = 1681765827 cTime = 1624040252815 ; clusterId = CID-6bbd9547-6c34-4f1e-b190-149e0513d9ae ; blockpoolId = BP-1744165409-10.128.0.9-1624040252815.
Expecting respectively: -64; 1247811919; 1623875689350; CID-82850089-6c2f-498e-b4eb-816e5b0c5eae; BP-1037719403-10.128.0.9-1623875689350.
	at org.apache.hadoop.hdfs.server.namenode.CheckpointSignature.validateStorageInfo(CheckpointSignature.java:143)
	at org.apache.hadoop.hdfs.server.namenode.SecondaryNameNode.doCheckpoint(SecondaryNameNode.java:550)
	at org.apache.hadoop.hdfs.server.namenode.SecondaryNameNode.doWork(SecondaryNameNode.java:360)
	at org.apache.hadoop.hdfs.server.namenode.SecondaryNameNode$1.run(SecondaryNameNode.java:325)
	at org.apache.hadoop.security.SecurityUtil.doAsLoginUserOrFatal(SecurityUtil.java:482)
	at org.apache.hadoop.hdfs.server.namenode.SecondaryNameNode.run(SecondaryNameNode.java:321)
	at java.lang.Thread.run(Thread.java:748)
java.io.IOException: Inconsistent checkpoint fields.
LV = -64 namespaceID = 1681765827 cTime = 1624040252815 ; clusterId = CID-6bbd9547-6c34-4f1e-b190-149e0513d9ae ; blockpoolId = BP-1744165409-10.128.0.9-1624040252815.
Expecting respectively: -64; 1247811919; 1623875689350; CID-82850089-6c2f-498e-b4eb-816e5b0c5eae; BP-1037719403-10.128.0.9-1623875689350.
	at org.apache.hadoop.hdfs.server.namenode.CheckpointSignature.validateStorageInfo(CheckpointSignature.java:143)
	at org.apache.hadoop.hdfs.server.namenode.SecondaryNameNode.doCheckpoint(SecondaryNameNode.java:550)
	at org.apache.hadoop.hdfs.server.namenode.SecondaryNameNode.doWork(SecondaryNameNode.java:360)
	at org.apache.hadoop.hdfs.server.namenode.SecondaryNameNode$1.run(SecondaryNameNode.java:325)
	at org.apache.hadoop.security.SecurityUtil.doAsLoginUserOrFatal(SecurityUtil.java:482)
	at org.apache.hadoop.hdfs.server.namenode.SecondaryNameNode.run(SecondaryNameNode.java:321)
	at java.lang.Thread.run(Thread.java:748)
java.io.IOException: Inconsistent checkpoint fields.
LV = -64 namespaceID = 1681765827 cTime = 1624040252815 ; clusterId = CID-6bbd9547-6c34-4f1e-b190-149e0513d9ae ; blockpoolId = BP-1744165409-10.128.0.9-1624040252815.
Expecting respectively: -64; 1247811919; 1623875689350; CID-82850089-6c2f-498e-b4eb-816e5b0c5eae; BP-1037719403-10.128.0.9-1623875689350.
	at org.apache.hadoop.hdfs.server.namenode.CheckpointSignature.validateStorageInfo(CheckpointSignature.java:143)
	at org.apache.hadoop.hdfs.server.namenode.SecondaryNameNode.doCheckpoint(SecondaryNameNode.java:550)
	at org.apache.hadoop.hdfs.server.namenode.SecondaryNameNode.doWork(SecondaryNameNode.java:360)
	at org.apache.hadoop.hdfs.server.namenode.SecondaryNameNode$1.run(SecondaryNameNode.java:325)
	at org.apache.hadoop.security.SecurityUtil.doAsLoginUserOrFatal(SecurityUtil.java:482)
	at org.apache.hadoop.hdfs.server.namenode.SecondaryNameNode.run(SecondaryNameNode.java:321)
	at java.lang.Thread.run(Thread.java:748)
java.io.IOException: Inconsistent checkpoint fields.
LV = -64 namespaceID = 1681765827 cTime = 1624040252815 ; clusterId = CID-6bbd9547-6c34-4f1e-b190-149e0513d9ae ; blockpoolId = BP-1744165409-10.128.0.9-1624040252815.
Expecting respectively: -64; 1247811919; 1623875689350; CID-82850089-6c2f-498e-b4eb-816e5b0c5eae; BP-1037719403-10.128.0.9-1623875689350.
	at org.apache.hadoop.hdfs.server.namenode.CheckpointSignature.validateStorageInfo(CheckpointSignature.java:143)
	at org.apache.hadoop.hdfs.server.namenode.SecondaryNameNode.doCheckpoint(SecondaryNameNode.java:550)
	at org.apache.hadoop.hdfs.server.namenode.SecondaryNameNode.doWork(SecondaryNameNode.java:360)
	at org.apache.hadoop.hdfs.server.namenode.SecondaryNameNode$1.run(SecondaryNameNode.java:325)
	at org.apache.hadoop.security.SecurityUtil.doAsLoginUserOrFatal(SecurityUtil.java:482)
	at org.apache.hadoop.hdfs.server.namenode.SecondaryNameNode.run(SecondaryNameNode.java:321)
	at java.lang.Thread.run(Thread.java:748)
java.io.IOException: Inconsistent checkpoint fields.
LV = -64 namespaceID = 1681765827 cTime = 1624040252815 ; clusterId = CID-6bbd9547-6c34-4f1e-b190-149e0513d9ae ; blockpoolId = BP-1744165409-10.128.0.9-1624040252815.
Expecting respectively: -64; 1247811919; 1623875689350; CID-82850089-6c2f-498e-b4eb-816e5b0c5eae; BP-1037719403-10.128.0.9-1623875689350.
	at org.apache.hadoop.hdfs.server.namenode.CheckpointSignature.validateStorageInfo(CheckpointSignature.java:143)
	at org.apache.hadoop.hdfs.server.namenode.SecondaryNameNode.doCheckpoint(SecondaryNameNode.java:550)
	at org.apache.hadoop.hdfs.server.namenode.SecondaryNameNode.doWork(SecondaryNameNode.java:360)
	at org.apache.hadoop.hdfs.server.namenode.SecondaryNameNode$1.run(SecondaryNameNode.java:325)
	at org.apache.hadoop.security.SecurityUtil.doAsLoginUserOrFatal(SecurityUtil.java:482)
	at org.apache.hadoop.hdfs.server.namenode.SecondaryNameNode.run(SecondaryNameNode.java:321)
	at java.lang.Thread.run(Thread.java:748)
java.io.IOException: Inconsistent checkpoint fields.
LV = -64 namespaceID = 1681765827 cTime = 1624040252815 ; clusterId = CID-6bbd9547-6c34-4f1e-b190-149e0513d9ae ; blockpoolId = BP-1744165409-10.128.0.9-1624040252815.
Expecting respectively: -64; 1247811919; 1623875689350; CID-82850089-6c2f-498e-b4eb-816e5b0c5eae; BP-1037719403-10.128.0.9-1623875689350.
	at org.apache.hadoop.hdfs.server.namenode.CheckpointSignature.validateStorageInfo(CheckpointSignature.java:143)
	at org.apache.hadoop.hdfs.server.namenode.SecondaryNameNode.doCheckpoint(SecondaryNameNode.java:550)
	at org.apache.hadoop.hdfs.server.namenode.SecondaryNameNode.doWork(SecondaryNameNode.java:360)
	at org.apache.hadoop.hdfs.server.namenode.SecondaryNameNode$1.run(SecondaryNameNode.java:325)
	at org.apache.hadoop.security.SecurityUtil.doAsLoginUserOrFatal(SecurityUtil.java:482)
	at org.apache.hadoop.hdfs.server.namenode.SecondaryNameNode.run(SecondaryNameNode.java:321)
	at java.lang.Thread.run(Thread.java:748)
java.io.IOException: Inconsistent checkpoint fields.
LV = -64 namespaceID = 1681765827 cTime = 1624040252815 ; clusterId = CID-6bbd9547-6c34-4f1e-b190-149e0513d9ae ; blockpoolId = BP-1744165409-10.128.0.9-1624040252815.
Expecting respectively: -64; 1247811919; 1623875689350; CID-82850089-6c2f-498e-b4eb-816e5b0c5eae; BP-1037719403-10.128.0.9-1623875689350.
	at org.apache.hadoop.hdfs.server.namenode.CheckpointSignature.validateStorageInfo(CheckpointSignature.java:143)
	at org.apache.hadoop.hdfs.server.namenode.SecondaryNameNode.doCheckpoint(SecondaryNameNode.java:550)
	at org.apache.hadoop.hdfs.server.namenode.SecondaryNameNode.doWork(SecondaryNameNode.java:360)
	at org.apache.hadoop.hdfs.server.namenode.SecondaryNameNode$1.run(SecondaryNameNode.java:325)
	at org.apache.hadoop.security.SecurityUtil.doAsLoginUserOrFatal(SecurityUtil.java:482)
	at org.apache.hadoop.hdfs.server.namenode.SecondaryNameNode.run(SecondaryNameNode.java:321)
	at java.lang.Thread.run(Thread.java:748)
